date: 2014-03-16 19:56:24.464
argv: node C:\Users\林\AppData\Roaming\npm\node_modules\hexo\bin\hexo g
os: Windows_NT 6.2.9200 win32 ia32
version:
  hexo: 2.4.2
  http_parser: 1.0
  node: 0.10.24
  v8: 3.14.5.9
  ares: 1.9.0-DEV
  uv: 0.10.21
  zlib: 1.2.3
  modules: 11
  openssl: 1.0.1e
---

[debug] 19:56:23.681 Configuration file load successfully
[debug] 19:56:23.685 Version info checked successfully
[debug] 19:56:23.741 Loading database.
[debug] 19:56:23.807 Theme layout loaded
[debug] 19:56:23.814 Theme configuration loaded
[debug] 19:56:23.827 Theme language files loaded
[debug] 19:56:23.866 Theme source loaded
[debug] 19:56:23.867 Processed: image/eclipse/beyond-compare.png
[debug] 19:56:23.868 Processed: image/eclipse/eclipse-color-themes.jpg
[debug] 19:56:23.869 Processed: image/eclipse/eclipse-java-intellisense-settings.jpg
[debug] 19:56:23.870 Processed: image/eclipse/eclipse-java-intellisense.png
[debug] 19:56:23.870 Processed: image/eclipse/eclipse-shortcut.png
[debug] 19:56:23.871 Processed: image/eclipse/eclipse-xml-intellisense.png
[debug] 19:56:23.871 Processed: image/eclipse/javadoc-code-link.png
[debug] 19:56:23.872 Processed: image/eclipse/javadoc-keyword-link.png
[debug] 19:56:23.873 Processed: image/eclipse/source-code-pro.png
[debug] 19:56:23.876 Processed: image/eclipse/svn-beyondcompare-integration.png
[debug] 19:56:23.876 Processed: image/eclipse/Thumbs.db
[debug] 19:56:23.877 Processed: resource/codestyle/CodeStyle-CleanUp.xml
[debug] 19:56:23.877 Processed: resource/codestyle/CodeStyle-CodeTemplates.xml
[debug] 19:56:23.878 Processed: resource/codestyle/CodeStyle-Formatter.xml
[debug] 19:56:24.074 Processed: _posts/hello-world.md
[debug] 19:56:24.074 Processed: _posts/URI Scheme.md
[debug] 19:56:24.074 Processed: _posts/高效使用Eclipse.md
[debug] 19:56:24.134 Cache saved
[info] 19:56:24.410 Files loaded in 0.619s
[debug] 19:56:24.447 Render archive: archives/
[debug] 19:56:24.448 Render archive: archives/2014/
[debug] 19:56:24.448 Render archive: archives/2014/01/
[debug] 19:56:24.448 Render archive: archives/2014/03/
[debug] 19:56:24.448 Render category: categories/Android/
[debug] 19:56:24.448 Render category: categories/Android/iOS/
[debug] 19:56:24.448 Render category: categories/Android/iOS/Windows/
[debug] 19:56:24.448 Render category: categories/Android/iOS/Windows/Linux/
[debug] 19:56:24.448 Render category: categories/Android/iOS/Windows/Linux/C++/
[debug] 19:56:24.449 Render category: categories/Android/iOS/Windows/Linux/C++/JAVA/
[debug] 19:56:24.449 Render category: categories/Android/Eclipse/
[debug] 19:56:24.449 Render category: categories/Android/Eclipse/Tools/
[debug] 19:56:24.449 Render index: 
[debug] 19:56:24.449 Render post: 2014/03/14/高效使用Eclipse/
[debug] 19:56:24.449 Render post: 2014/01/03/URI Scheme/
[debug] 19:56:24.449 Render post: 2014/01/02/hello-world/
[debug] 19:56:24.449 Render tag: tags/Android/
[debug] 19:56:24.449 Render tag: tags/iOS/
[debug] 19:56:24.449 Render tag: tags/Network/
[debug] 19:56:24.449 Render tag: tags/URI Scheme/
[debug] 19:56:24.449 Render tag: tags/Eclipse，效率/
[debug] 19:56:24.449 Render tag: tags/tools/
[error] 19:56:24.455 Error: ENOENT, open 'C:\Users\林\Documents\GitHub\woyaowenzi\woyaowenzi.blog\source\新建文件夹'
Error: ENOENT, open 'C:\Users\林\Documents\GitHub\woyaowenzi\woyaowenzi.blog\source\新建文件夹'
